{"uid":"b60d95d4b94c3609","name":"Runs Cucumber Scenarios","fullName":"io.cucumber.testng.AbstractTestNGCucumberTests.runScenario","historyId":"1a0e6740b88a230e7b43ca7f22747c53","time":{"start":1674664269573,"stop":1674664274291,"duration":4718},"status":"broken","statusMessage":"Element <a id=\"login2\" class=\"nav-link\" href=\"#\"> is not clickable at point (1050,37) because another element <div id=\"signInModal\" class=\"modal fade\"> obscures it\nBuild info: version: '4.1.4', revision: '535d840ee2'\nSystem info: host: 'fv-az442-73', ip: '10.1.1.65', os.name: 'Linux', os.arch: 'amd64', os.version: '5.15.0-1031-azure', java.version: '11.0.17'\nDriver info: org.openqa.selenium.firefox.FirefoxDriver\nCommand: [0b30353c-f3bc-4692-8aee-5573837ee87c, clickElement {id=debb1420-4913-49e1-a480-0b0bc270d194}]\nCapabilities {acceptInsecureCerts: true, browserName: firefox, browserVersion: 109.0, javascriptEnabled: true, moz:accessibilityChecks: false, moz:buildID: 20230112150232, moz:debuggerAddress: 127.0.0.1:45849, moz:geckodriverVersion: 0.32.0, moz:headless: true, moz:platformVersion: 5.15.0-1031-azure, moz:processID: 2999, moz:profile: /tmp/rust_mozprofileMaZrgR, moz:shutdownTimeout: 60000, moz:useNonSpecCompliantPointerOrigin: false, moz:webdriverClick: true, moz:windowless: false, pageLoadStrategy: normal, platform: LINUX, platformName: LINUX, proxy: Proxy(), se:cdp: ws://127.0.0.1:45849/devtoo..., se:cdpVersion: 85.0, setWindowRect: true, strictFileInteractability: false, timeouts: {implicit: 0, pageLoad: 300000, script: 30000}, unhandledPromptBehavior: dismiss and notify}\nElement: [[FirefoxDriver: firefox on LINUX (0b30353c-f3bc-4692-8aee-5573837ee87c)] -> id: login2]\nSession ID: 0b30353c-f3bc-4692-8aee-5573837ee87c","statusTrace":"org.openqa.selenium.ElementClickInterceptedException: Element <a id=\"login2\" class=\"nav-link\" href=\"#\"> is not clickable at point (1050,37) because another element <div id=\"signInModal\" class=\"modal fade\"> obscures it\nBuild info: version: '4.1.4', revision: '535d840ee2'\nSystem info: host: 'fv-az442-73', ip: '10.1.1.65', os.name: 'Linux', os.arch: 'amd64', os.version: '5.15.0-1031-azure', java.version: '11.0.17'\nDriver info: org.openqa.selenium.firefox.FirefoxDriver\nCommand: [0b30353c-f3bc-4692-8aee-5573837ee87c, clickElement {id=debb1420-4913-49e1-a480-0b0bc270d194}]\nCapabilities {acceptInsecureCerts: true, browserName: firefox, browserVersion: 109.0, javascriptEnabled: true, moz:accessibilityChecks: false, moz:buildID: 20230112150232, moz:debuggerAddress: 127.0.0.1:45849, moz:geckodriverVersion: 0.32.0, moz:headless: true, moz:platformVersion: 5.15.0-1031-azure, moz:processID: 2999, moz:profile: /tmp/rust_mozprofileMaZrgR, moz:shutdownTimeout: 60000, moz:useNonSpecCompliantPointerOrigin: false, moz:webdriverClick: true, moz:windowless: false, pageLoadStrategy: normal, platform: LINUX, platformName: LINUX, proxy: Proxy(), se:cdp: ws://127.0.0.1:45849/devtoo..., se:cdpVersion: 85.0, setWindowRect: true, strictFileInteractability: false, timeouts: {implicit: 0, pageLoad: 300000, script: 30000}, unhandledPromptBehavior: dismiss and notify}\nElement: [[FirefoxDriver: firefox on LINUX (0b30353c-f3bc-4692-8aee-5573837ee87c)] -> id: login2]\nSession ID: 0b30353c-f3bc-4692-8aee-5573837ee87c\n\tat java.base/jdk.internal.reflect.NativeConstructorAccessorImpl.newInstance0(Native Method)\n\tat java.base/jdk.internal.reflect.NativeConstructorAccessorImpl.newInstance(NativeConstructorAccessorImpl.java:62)\n\tat java.base/jdk.internal.reflect.DelegatingConstructorAccessorImpl.newInstance(DelegatingConstructorAccessorImpl.java:45)\n\tat java.base/java.lang.reflect.Constructor.newInstance(Constructor.java:490)\n\tat org.openqa.selenium.remote.codec.w3c.W3CHttpResponseCodec.createException(W3CHttpResponseCodec.java:200)\n\tat org.openqa.selenium.remote.codec.w3c.W3CHttpResponseCodec.decode(W3CHttpResponseCodec.java:133)\n\tat org.openqa.selenium.remote.codec.w3c.W3CHttpResponseCodec.decode(W3CHttpResponseCodec.java:53)\n\tat org.openqa.selenium.remote.HttpCommandExecutor.execute(HttpCommandExecutor.java:184)\n\tat org.openqa.selenium.remote.service.DriverCommandExecutor.invokeExecute(DriverCommandExecutor.java:167)\n\tat org.openqa.selenium.remote.service.DriverCommandExecutor.execute(DriverCommandExecutor.java:142)\n\tat org.openqa.selenium.remote.RemoteWebDriver.execute(RemoteWebDriver.java:567)\n\tat org.openqa.selenium.remote.RemoteWebElement.execute(RemoteWebElement.java:251)\n\tat org.openqa.selenium.remote.RemoteWebElement.click(RemoteWebElement.java:77)\n\tat pages.BasePage.clickElement(BasePage.java:72)\n\tat pages.RegisterUserPage.clickOnButton(RegisterUserPage.java:53)\n\tat steps.RegisterUserSteps.clickOnButton(RegisterUserSteps.java:20)\n\tat ✽.Click on the button Log in(classpath:features/web/BuyArticles.feature:11)\n","flaky":false,"newFailed":false,"newBroken":false,"newPassed":false,"retriesCount":0,"retriesStatusChange":false,"beforeStages":[{"name":"defineBrowser","time":{"start":1674664252376,"stop":1674664252387,"duration":11},"description":"","status":"passed","steps":[],"attachments":[],"parameters":[],"stepsCount":0,"attachmentsCount":0,"shouldDisplayMessage":false,"hasContent":false},{"name":"setUpClass","time":{"start":1674664252408,"stop":1674664252821,"duration":413},"description":"","status":"passed","steps":[],"attachments":[],"parameters":[],"stepsCount":0,"attachmentsCount":0,"shouldDisplayMessage":false,"hasContent":false}],"testStage":{"status":"broken","statusMessage":"Element <a id=\"login2\" class=\"nav-link\" href=\"#\"> is not clickable at point (1050,37) because another element <div id=\"signInModal\" class=\"modal fade\"> obscures it\nBuild info: version: '4.1.4', revision: '535d840ee2'\nSystem info: host: 'fv-az442-73', ip: '10.1.1.65', os.name: 'Linux', os.arch: 'amd64', os.version: '5.15.0-1031-azure', java.version: '11.0.17'\nDriver info: org.openqa.selenium.firefox.FirefoxDriver\nCommand: [0b30353c-f3bc-4692-8aee-5573837ee87c, clickElement {id=debb1420-4913-49e1-a480-0b0bc270d194}]\nCapabilities {acceptInsecureCerts: true, browserName: firefox, browserVersion: 109.0, javascriptEnabled: true, moz:accessibilityChecks: false, moz:buildID: 20230112150232, moz:debuggerAddress: 127.0.0.1:45849, moz:geckodriverVersion: 0.32.0, moz:headless: true, moz:platformVersion: 5.15.0-1031-azure, moz:processID: 2999, moz:profile: /tmp/rust_mozprofileMaZrgR, moz:shutdownTimeout: 60000, moz:useNonSpecCompliantPointerOrigin: false, moz:webdriverClick: true, moz:windowless: false, pageLoadStrategy: normal, platform: LINUX, platformName: LINUX, proxy: Proxy(), se:cdp: ws://127.0.0.1:45849/devtoo..., se:cdpVersion: 85.0, setWindowRect: true, strictFileInteractability: false, timeouts: {implicit: 0, pageLoad: 300000, script: 30000}, unhandledPromptBehavior: dismiss and notify}\nElement: [[FirefoxDriver: firefox on LINUX (0b30353c-f3bc-4692-8aee-5573837ee87c)] -> id: login2]\nSession ID: 0b30353c-f3bc-4692-8aee-5573837ee87c","statusTrace":"org.openqa.selenium.ElementClickInterceptedException: Element <a id=\"login2\" class=\"nav-link\" href=\"#\"> is not clickable at point (1050,37) because another element <div id=\"signInModal\" class=\"modal fade\"> obscures it\nBuild info: version: '4.1.4', revision: '535d840ee2'\nSystem info: host: 'fv-az442-73', ip: '10.1.1.65', os.name: 'Linux', os.arch: 'amd64', os.version: '5.15.0-1031-azure', java.version: '11.0.17'\nDriver info: org.openqa.selenium.firefox.FirefoxDriver\nCommand: [0b30353c-f3bc-4692-8aee-5573837ee87c, clickElement {id=debb1420-4913-49e1-a480-0b0bc270d194}]\nCapabilities {acceptInsecureCerts: true, browserName: firefox, browserVersion: 109.0, javascriptEnabled: true, moz:accessibilityChecks: false, moz:buildID: 20230112150232, moz:debuggerAddress: 127.0.0.1:45849, moz:geckodriverVersion: 0.32.0, moz:headless: true, moz:platformVersion: 5.15.0-1031-azure, moz:processID: 2999, moz:profile: /tmp/rust_mozprofileMaZrgR, moz:shutdownTimeout: 60000, moz:useNonSpecCompliantPointerOrigin: false, moz:webdriverClick: true, moz:windowless: false, pageLoadStrategy: normal, platform: LINUX, platformName: LINUX, proxy: Proxy(), se:cdp: ws://127.0.0.1:45849/devtoo..., se:cdpVersion: 85.0, setWindowRect: true, strictFileInteractability: false, timeouts: {implicit: 0, pageLoad: 300000, script: 30000}, unhandledPromptBehavior: dismiss and notify}\nElement: [[FirefoxDriver: firefox on LINUX (0b30353c-f3bc-4692-8aee-5573837ee87c)] -> id: login2]\nSession ID: 0b30353c-f3bc-4692-8aee-5573837ee87c\n\tat java.base/jdk.internal.reflect.NativeConstructorAccessorImpl.newInstance0(Native Method)\n\tat java.base/jdk.internal.reflect.NativeConstructorAccessorImpl.newInstance(NativeConstructorAccessorImpl.java:62)\n\tat java.base/jdk.internal.reflect.DelegatingConstructorAccessorImpl.newInstance(DelegatingConstructorAccessorImpl.java:45)\n\tat java.base/java.lang.reflect.Constructor.newInstance(Constructor.java:490)\n\tat org.openqa.selenium.remote.codec.w3c.W3CHttpResponseCodec.createException(W3CHttpResponseCodec.java:200)\n\tat org.openqa.selenium.remote.codec.w3c.W3CHttpResponseCodec.decode(W3CHttpResponseCodec.java:133)\n\tat org.openqa.selenium.remote.codec.w3c.W3CHttpResponseCodec.decode(W3CHttpResponseCodec.java:53)\n\tat org.openqa.selenium.remote.HttpCommandExecutor.execute(HttpCommandExecutor.java:184)\n\tat org.openqa.selenium.remote.service.DriverCommandExecutor.invokeExecute(DriverCommandExecutor.java:167)\n\tat org.openqa.selenium.remote.service.DriverCommandExecutor.execute(DriverCommandExecutor.java:142)\n\tat org.openqa.selenium.remote.RemoteWebDriver.execute(RemoteWebDriver.java:567)\n\tat org.openqa.selenium.remote.RemoteWebElement.execute(RemoteWebElement.java:251)\n\tat org.openqa.selenium.remote.RemoteWebElement.click(RemoteWebElement.java:77)\n\tat pages.BasePage.clickElement(BasePage.java:72)\n\tat pages.RegisterUserPage.clickOnButton(RegisterUserPage.java:53)\n\tat steps.RegisterUserSteps.clickOnButton(RegisterUserSteps.java:20)\n\tat ✽.Click on the button Log in(classpath:features/web/BuyArticles.feature:11)\n","steps":[],"attachments":[{"uid":"9bd059713dcf5030","name":"screenshot_error","source":"9bd059713dcf5030.png","type":"image/png","size":386029}],"parameters":[],"stepsCount":0,"attachmentsCount":1,"shouldDisplayMessage":true,"hasContent":true},"afterStages":[{"name":"tearDownClass","time":{"start":1674664284156,"stop":1674664284158,"duration":2},"description":"","status":"passed","steps":[],"attachments":[],"parameters":[],"stepsCount":0,"attachmentsCount":0,"shouldDisplayMessage":false,"hasContent":false}],"labels":[{"name":"package","value":"runner.TestRunner"},{"name":"testClass","value":"runner.TestRunner"},{"name":"testMethod","value":"runScenario"},{"name":"parentSuite","value":"Multi Browser Test"},{"name":"suite","value":"Firefox Test"},{"name":"subSuite","value":"runner.TestRunner"},{"name":"host","value":"fv-az442-73"},{"name":"thread","value":"2353@fv-az442-73.main(1)"},{"name":"framework","value":"testng"},{"name":"language","value":"java"},{"name":"resultFormat","value":"allure2"}],"parameters":[{"name":"arg0","value":"\"To add a laptop to the shopping cart\""},{"name":"arg1","value":"\"By Articles\""},{"name":"browser","value":"firefox"}],"links":[],"hidden":false,"retry":false,"extra":{"severity":"normal","retries":[],"categories":[{"name":"Test defects","matchedStatuses":[],"flaky":false}],"tags":[]},"source":"b60d95d4b94c3609.json","parameterValues":["\"To add a laptop to the shopping cart\"","\"By Articles\"","firefox"]}