{"uid":"367225d6537252f9","name":"Runs Cucumber Scenarios","fullName":"io.cucumber.testng.AbstractTestNGCucumberTests.runScenario","historyId":"1a0e6740b88a230e7b43ca7f22747c53","time":{"start":1674678291598,"stop":1674678296151,"duration":4553},"status":"broken","statusMessage":"Element <a id=\"login2\" class=\"nav-link\" href=\"#\"> is not clickable at point (1050,20) because another element <div id=\"signInModal\" class=\"modal fade\"> obscures it\nBuild info: version: '4.1.4', revision: '535d840ee2'\nSystem info: host: 'fv-az359-559', ip: '10.1.1.53', os.name: 'Linux', os.arch: 'amd64', os.version: '5.15.0-1031-azure', java.version: '11.0.17'\nDriver info: org.openqa.selenium.firefox.FirefoxDriver\nCommand: [0779dcb8-a871-4889-a695-c8eb7dd4d5bd, clickElement {id=6b33f0b2-779b-419d-8422-4346153e2909}]\nCapabilities {acceptInsecureCerts: true, browserName: firefox, browserVersion: 109.0, javascriptEnabled: true, moz:accessibilityChecks: false, moz:buildID: 20230112150232, moz:debuggerAddress: 127.0.0.1:55706, moz:geckodriverVersion: 0.32.0, moz:headless: true, moz:platformVersion: 5.15.0-1031-azure, moz:processID: 3704, moz:profile: /tmp/rust_mozprofile4xmxFH, moz:shutdownTimeout: 60000, moz:useNonSpecCompliantPointerOrigin: false, moz:webdriverClick: true, moz:windowless: false, pageLoadStrategy: normal, platform: LINUX, platformName: LINUX, proxy: Proxy(), se:cdp: ws://127.0.0.1:55706/devtoo..., se:cdpVersion: 85.0, setWindowRect: true, strictFileInteractability: false, timeouts: {implicit: 0, pageLoad: 300000, script: 30000}, unhandledPromptBehavior: dismiss and notify}\nElement: [[FirefoxDriver: firefox on LINUX (0779dcb8-a871-4889-a695-c8eb7dd4d5bd)] -> id: login2]\nSession ID: 0779dcb8-a871-4889-a695-c8eb7dd4d5bd","statusTrace":"org.openqa.selenium.ElementClickInterceptedException: Element <a id=\"login2\" class=\"nav-link\" href=\"#\"> is not clickable at point (1050,20) because another element <div id=\"signInModal\" class=\"modal fade\"> obscures it\nBuild info: version: '4.1.4', revision: '535d840ee2'\nSystem info: host: 'fv-az359-559', ip: '10.1.1.53', os.name: 'Linux', os.arch: 'amd64', os.version: '5.15.0-1031-azure', java.version: '11.0.17'\nDriver info: org.openqa.selenium.firefox.FirefoxDriver\nCommand: [0779dcb8-a871-4889-a695-c8eb7dd4d5bd, clickElement {id=6b33f0b2-779b-419d-8422-4346153e2909}]\nCapabilities {acceptInsecureCerts: true, browserName: firefox, browserVersion: 109.0, javascriptEnabled: true, moz:accessibilityChecks: false, moz:buildID: 20230112150232, moz:debuggerAddress: 127.0.0.1:55706, moz:geckodriverVersion: 0.32.0, moz:headless: true, moz:platformVersion: 5.15.0-1031-azure, moz:processID: 3704, moz:profile: /tmp/rust_mozprofile4xmxFH, moz:shutdownTimeout: 60000, moz:useNonSpecCompliantPointerOrigin: false, moz:webdriverClick: true, moz:windowless: false, pageLoadStrategy: normal, platform: LINUX, platformName: LINUX, proxy: Proxy(), se:cdp: ws://127.0.0.1:55706/devtoo..., se:cdpVersion: 85.0, setWindowRect: true, strictFileInteractability: false, timeouts: {implicit: 0, pageLoad: 300000, script: 30000}, unhandledPromptBehavior: dismiss and notify}\nElement: [[FirefoxDriver: firefox on LINUX (0779dcb8-a871-4889-a695-c8eb7dd4d5bd)] -> id: login2]\nSession ID: 0779dcb8-a871-4889-a695-c8eb7dd4d5bd\n\tat java.base/jdk.internal.reflect.NativeConstructorAccessorImpl.newInstance0(Native Method)\n\tat java.base/jdk.internal.reflect.NativeConstructorAccessorImpl.newInstance(NativeConstructorAccessorImpl.java:62)\n\tat java.base/jdk.internal.reflect.DelegatingConstructorAccessorImpl.newInstance(DelegatingConstructorAccessorImpl.java:45)\n\tat java.base/java.lang.reflect.Constructor.newInstance(Constructor.java:490)\n\tat org.openqa.selenium.remote.codec.w3c.W3CHttpResponseCodec.createException(W3CHttpResponseCodec.java:200)\n\tat org.openqa.selenium.remote.codec.w3c.W3CHttpResponseCodec.decode(W3CHttpResponseCodec.java:133)\n\tat org.openqa.selenium.remote.codec.w3c.W3CHttpResponseCodec.decode(W3CHttpResponseCodec.java:53)\n\tat org.openqa.selenium.remote.HttpCommandExecutor.execute(HttpCommandExecutor.java:184)\n\tat org.openqa.selenium.remote.service.DriverCommandExecutor.invokeExecute(DriverCommandExecutor.java:167)\n\tat org.openqa.selenium.remote.service.DriverCommandExecutor.execute(DriverCommandExecutor.java:142)\n\tat org.openqa.selenium.remote.RemoteWebDriver.execute(RemoteWebDriver.java:567)\n\tat org.openqa.selenium.remote.RemoteWebElement.execute(RemoteWebElement.java:251)\n\tat org.openqa.selenium.remote.RemoteWebElement.click(RemoteWebElement.java:77)\n\tat pages.BasePage.clickElement(BasePage.java:72)\n\tat pages.RegisterUserPage.clickOnButton(RegisterUserPage.java:54)\n\tat steps.RegisterUserSteps.clickOnButton(RegisterUserSteps.java:20)\n\tat ✽.Click on the button Log in(classpath:features/web/BuyArticles.feature:11)\n","flaky":false,"newFailed":false,"newBroken":false,"newPassed":false,"retriesCount":0,"retriesStatusChange":false,"beforeStages":[{"name":"defineBrowser","time":{"start":1674678275951,"stop":1674678275962,"duration":11},"description":"","status":"passed","steps":[],"attachments":[],"parameters":[],"stepsCount":0,"attachmentsCount":0,"shouldDisplayMessage":false,"hasContent":false},{"name":"setUpClass","time":{"start":1674678275986,"stop":1674678276316,"duration":330},"description":"","status":"passed","steps":[],"attachments":[],"parameters":[],"stepsCount":0,"attachmentsCount":0,"shouldDisplayMessage":false,"hasContent":false}],"testStage":{"status":"broken","statusMessage":"Element <a id=\"login2\" class=\"nav-link\" href=\"#\"> is not clickable at point (1050,20) because another element <div id=\"signInModal\" class=\"modal fade\"> obscures it\nBuild info: version: '4.1.4', revision: '535d840ee2'\nSystem info: host: 'fv-az359-559', ip: '10.1.1.53', os.name: 'Linux', os.arch: 'amd64', os.version: '5.15.0-1031-azure', java.version: '11.0.17'\nDriver info: org.openqa.selenium.firefox.FirefoxDriver\nCommand: [0779dcb8-a871-4889-a695-c8eb7dd4d5bd, clickElement {id=6b33f0b2-779b-419d-8422-4346153e2909}]\nCapabilities {acceptInsecureCerts: true, browserName: firefox, browserVersion: 109.0, javascriptEnabled: true, moz:accessibilityChecks: false, moz:buildID: 20230112150232, moz:debuggerAddress: 127.0.0.1:55706, moz:geckodriverVersion: 0.32.0, moz:headless: true, moz:platformVersion: 5.15.0-1031-azure, moz:processID: 3704, moz:profile: /tmp/rust_mozprofile4xmxFH, moz:shutdownTimeout: 60000, moz:useNonSpecCompliantPointerOrigin: false, moz:webdriverClick: true, moz:windowless: false, pageLoadStrategy: normal, platform: LINUX, platformName: LINUX, proxy: Proxy(), se:cdp: ws://127.0.0.1:55706/devtoo..., se:cdpVersion: 85.0, setWindowRect: true, strictFileInteractability: false, timeouts: {implicit: 0, pageLoad: 300000, script: 30000}, unhandledPromptBehavior: dismiss and notify}\nElement: [[FirefoxDriver: firefox on LINUX (0779dcb8-a871-4889-a695-c8eb7dd4d5bd)] -> id: login2]\nSession ID: 0779dcb8-a871-4889-a695-c8eb7dd4d5bd","statusTrace":"org.openqa.selenium.ElementClickInterceptedException: Element <a id=\"login2\" class=\"nav-link\" href=\"#\"> is not clickable at point (1050,20) because another element <div id=\"signInModal\" class=\"modal fade\"> obscures it\nBuild info: version: '4.1.4', revision: '535d840ee2'\nSystem info: host: 'fv-az359-559', ip: '10.1.1.53', os.name: 'Linux', os.arch: 'amd64', os.version: '5.15.0-1031-azure', java.version: '11.0.17'\nDriver info: org.openqa.selenium.firefox.FirefoxDriver\nCommand: [0779dcb8-a871-4889-a695-c8eb7dd4d5bd, clickElement {id=6b33f0b2-779b-419d-8422-4346153e2909}]\nCapabilities {acceptInsecureCerts: true, browserName: firefox, browserVersion: 109.0, javascriptEnabled: true, moz:accessibilityChecks: false, moz:buildID: 20230112150232, moz:debuggerAddress: 127.0.0.1:55706, moz:geckodriverVersion: 0.32.0, moz:headless: true, moz:platformVersion: 5.15.0-1031-azure, moz:processID: 3704, moz:profile: /tmp/rust_mozprofile4xmxFH, moz:shutdownTimeout: 60000, moz:useNonSpecCompliantPointerOrigin: false, moz:webdriverClick: true, moz:windowless: false, pageLoadStrategy: normal, platform: LINUX, platformName: LINUX, proxy: Proxy(), se:cdp: ws://127.0.0.1:55706/devtoo..., se:cdpVersion: 85.0, setWindowRect: true, strictFileInteractability: false, timeouts: {implicit: 0, pageLoad: 300000, script: 30000}, unhandledPromptBehavior: dismiss and notify}\nElement: [[FirefoxDriver: firefox on LINUX (0779dcb8-a871-4889-a695-c8eb7dd4d5bd)] -> id: login2]\nSession ID: 0779dcb8-a871-4889-a695-c8eb7dd4d5bd\n\tat java.base/jdk.internal.reflect.NativeConstructorAccessorImpl.newInstance0(Native Method)\n\tat java.base/jdk.internal.reflect.NativeConstructorAccessorImpl.newInstance(NativeConstructorAccessorImpl.java:62)\n\tat java.base/jdk.internal.reflect.DelegatingConstructorAccessorImpl.newInstance(DelegatingConstructorAccessorImpl.java:45)\n\tat java.base/java.lang.reflect.Constructor.newInstance(Constructor.java:490)\n\tat org.openqa.selenium.remote.codec.w3c.W3CHttpResponseCodec.createException(W3CHttpResponseCodec.java:200)\n\tat org.openqa.selenium.remote.codec.w3c.W3CHttpResponseCodec.decode(W3CHttpResponseCodec.java:133)\n\tat org.openqa.selenium.remote.codec.w3c.W3CHttpResponseCodec.decode(W3CHttpResponseCodec.java:53)\n\tat org.openqa.selenium.remote.HttpCommandExecutor.execute(HttpCommandExecutor.java:184)\n\tat org.openqa.selenium.remote.service.DriverCommandExecutor.invokeExecute(DriverCommandExecutor.java:167)\n\tat org.openqa.selenium.remote.service.DriverCommandExecutor.execute(DriverCommandExecutor.java:142)\n\tat org.openqa.selenium.remote.RemoteWebDriver.execute(RemoteWebDriver.java:567)\n\tat org.openqa.selenium.remote.RemoteWebElement.execute(RemoteWebElement.java:251)\n\tat org.openqa.selenium.remote.RemoteWebElement.click(RemoteWebElement.java:77)\n\tat pages.BasePage.clickElement(BasePage.java:72)\n\tat pages.RegisterUserPage.clickOnButton(RegisterUserPage.java:54)\n\tat steps.RegisterUserSteps.clickOnButton(RegisterUserSteps.java:20)\n\tat ✽.Click on the button Log in(classpath:features/web/BuyArticles.feature:11)\n","steps":[],"attachments":[{"uid":"e5ec54f188e8a8fc","name":"screenshot_error","source":"e5ec54f188e8a8fc.png","type":"image/png","size":385959}],"parameters":[],"stepsCount":0,"attachmentsCount":1,"shouldDisplayMessage":true,"hasContent":true},"afterStages":[{"name":"tearDownClass","time":{"start":1674678306003,"stop":1674678306006,"duration":3},"description":"","status":"passed","steps":[],"attachments":[],"parameters":[],"stepsCount":0,"attachmentsCount":0,"shouldDisplayMessage":false,"hasContent":false}],"labels":[{"name":"package","value":"runner.TestRunner"},{"name":"testClass","value":"runner.TestRunner"},{"name":"testMethod","value":"runScenario"},{"name":"parentSuite","value":"Multi Browser Test"},{"name":"suite","value":"Firefox Test"},{"name":"subSuite","value":"runner.TestRunner"},{"name":"host","value":"fv-az359-559"},{"name":"thread","value":"3059@fv-az359-559.main(1)"},{"name":"framework","value":"testng"},{"name":"language","value":"java"},{"name":"resultFormat","value":"allure2"}],"parameters":[{"name":"arg0","value":"\"To add a laptop to the shopping cart\""},{"name":"arg1","value":"\"By Articles\""},{"name":"browser","value":"firefox"}],"links":[],"hidden":false,"retry":false,"extra":{"severity":"normal","retries":[],"categories":[{"name":"Test defects","matchedStatuses":[],"flaky":false}],"tags":[]},"source":"367225d6537252f9.json","parameterValues":["\"To add a laptop to the shopping cart\"","\"By Articles\"","firefox"]}