<?xml version="1.0" encoding="UTF-8"?>
<testsuite xmlns:xsi="http://www.w3.org/2001/XMLSchema-instance" xsi:noNamespaceSchemaLocation="https://maven.apache.org/surefire/maven-surefire-plugin/xsd/surefire-test-report-3.0.xsd" version="3.0" name="runner.runner" time="99.744" tests="6" errors="0" skipped="0" failures="0">
  <properties>
[...]
</properties>
  <testcase name="runScenario[&quot;Add Pet&quot;, &quot;Manage pet API services&quot;](1)" classname="runner.runner" time="15.276">
    <system-err><![CDATA[SLF4J: Failed to load class "org.slf4j.impl.StaticLoggerBinder".
SLF4J: Defaulting to no-operation (NOP) logger implementation
SLF4J: See http://www.slf4j.org/codes.html#StaticLoggerBinder for further details.
May 11, 2022 6:02:09 PM steps.Hooks initDriver
INFO: ***********************************************************************************************************
May 11, 2022 6:02:09 PM steps.Hooks initDriver
INFO: [ Configuration ] - Initializing driver configuration
May 11, 2022 6:02:09 PM steps.Hooks initDriver
INFO: ***********************************************************************************************************
1652302931063	geckodriver	INFO	Listening on 127.0.0.1:47309
1652302931791	mozrunner::runner	INFO	Running command: "C:\\Program Files\\Mozilla Firefox\\firefox.exe" "--marionette" "-headless" "-foreground" "-no-remote" "-profile" "C:\\Users\\YAILIN~1.VAL\\AppData\\Local\\Temp\\rust_mozprofileZlA7hM"
*** You are running in headless mode.
console.warn: SearchSettings: "get: No settings file exists, new profile?" (new Error("", "(unknown module)"))
1652302935037	Marionette	INFO	Listening on port 57408
1652302935550	Marionette	WARN	TLS certificate errors will be ignored for this session
May 11, 2022 6:02:15 PM org.openqa.selenium.remote.ProtocolHandshake createSession
INFO: Detected dialect: W3C
May 11, 2022 6:02:15 PM steps.Hooks initDriver
INFO: ***********************************************************************************************************
May 11, 2022 6:02:15 PM steps.Hooks initDriver
INFO: [ Scenario ] - Add Pet
May 11, 2022 6:02:15 PM steps.Hooks initDriver
INFO: ***********************************************************************************************************
console.error: Region.jsm: "Error fetching region" (new Error("TIMEOUT", "resource://gre/modules/Region.jsm", 772))
console.error: Region.jsm: "Failed to fetch region" (new Error("TIMEOUT", "resource://gre/modules/Region.jsm", 419))
May 11, 2022 6:02:20 PM pages.BasePage createDataTable
INFO:       | PetId | id |

May 11, 2022 6:02:21 PM pages.BasePage saveInScenarioContext
INFO: Save as Scenario Context key: PetId with value: 9223372036854775807 
May 11, 2022 6:02:21 PM steps.Hooks embedScreenshot
INFO: ***********************************************************************************************************
May 11, 2022 6:02:21 PM steps.Hooks embedScreenshot
INFO: [ Driver Status ] - Clean and close the intance of the driver
May 11, 2022 6:02:21 PM steps.Hooks embedScreenshot
INFO: ***********************************************************************************************************
1652302941688	Marionette	INFO	Stopped listening on port 57408

###!!! [Parent][RunMessage] Error: Channel closing: too late to send/recv, messages will be lost

]]></system-err>
  </testcase>
  <testcase name="runScenario[&quot;Find Pet by id&quot;, &quot;Manage pet API services&quot;](2)" classname="runner.runner" time="9.155">
    <system-out><![CDATA[{
    "id": 9223372036854775807,
    "category": {
        "id": 0,
        "name": "string"
    },
    "name": "doggie",
    "photoUrls": [
        "string"
    ],
    "tags": [
        {
            "id": 0,
            "name": "string"
        }
    ],
    "status": "available"
}
]]></system-out>
    <system-err><![CDATA[May 11, 2022 6:02:24 PM steps.Hooks initDriver
INFO: ***********************************************************************************************************
May 11, 2022 6:02:24 PM steps.Hooks initDriver
INFO: [ Configuration ] - Initializing driver configuration
May 11, 2022 6:02:24 PM steps.Hooks initDriver
INFO: ***********************************************************************************************************
1652302944793	geckodriver	INFO	Listening on 127.0.0.1:35941
1652302945336	mozrunner::runner	INFO	Running command: "C:\\Program Files\\Mozilla Firefox\\firefox.exe" "--marionette" "-headless" "-foreground" "-no-remote" "-profile" "C:\\Users\\YAILIN~1.VAL\\AppData\\Local\\Temp\\rust_mozprofilekdfqeg"
*** You are running in headless mode.
console.warn: SearchSettings: "get: No settings file exists, new profile?" (new Error("", "(unknown module)"))
1652302948782	Marionette	INFO	Listening on port 57445
1652302949185	Marionette	WARN	TLS certificate errors will be ignored for this session
May 11, 2022 6:02:29 PM org.openqa.selenium.remote.ProtocolHandshake createSession
INFO: Detected dialect: W3C
May 11, 2022 6:02:29 PM steps.Hooks initDriver
INFO: ***********************************************************************************************************
May 11, 2022 6:02:29 PM steps.Hooks initDriver
INFO: [ Scenario ] - Find Pet by id
May 11, 2022 6:02:29 PM steps.Hooks initDriver
INFO: ***********************************************************************************************************

###!!! [Child][MessageChannel] Error: (msgtype=0x3A00D2,name=PContent::Msg_ScriptErrorWithStack) Channel closing: too late to send/recv, messages will be lost

May 11, 2022 6:02:30 PM pages.BasePage createDataTable
INFO:       | PetId | id |

May 11, 2022 6:02:30 PM pages.BasePage saveInScenarioContext
INFO: Update Scenario Context key: PetId with value: 9223372036854775807 
May 11, 2022 6:02:30 PM pages.ManagePetsPage findByPetId
INFO: 9223372036854775807
May 11, 2022 6:02:31 PM steps.Hooks embedScreenshot
INFO: ***********************************************************************************************************
May 11, 2022 6:02:31 PM steps.Hooks embedScreenshot
INFO: [ Driver Status ] - Clean and close the intance of the driver
May 11, 2022 6:02:31 PM steps.Hooks embedScreenshot
INFO: ***********************************************************************************************************
1652302951022	Marionette	INFO	Stopped listening on port 57445
console.error: Region.jsm: "Error fetching region" (new TypeError("NetworkError when attempting to fetch resource.", ""))
console.error: Region.jsm: "Failed to fetch region" (new Error("NO_RESULT", "resource://gre/modules/Region.jsm", 419))
JavaScript error: resource://gre/modules/Sqlite.jsm, line 927: Error: Connection is not open.
]]></system-err>
  </testcase>
  <testcase name="runScenario[&quot;Update an existing pet&quot;, &quot;Manage pet API services&quot;](3)" classname="runner.runner" time="9.758">
    <system-out><![CDATA[{
    "id": 9223372036854775807,
    "category": {
        "id": 0,
        "name": "string"
    },
    "name": "Puggy",
    "photoUrls": [
        "string"
    ],
    "tags": [
        {
            "id": 0,
            "name": "string"
        }
    ],
    "status": "available"
}
]]></system-out>
    <system-err><![CDATA[May 11, 2022 6:02:33 PM steps.Hooks initDriver
INFO: ***********************************************************************************************************
May 11, 2022 6:02:33 PM steps.Hooks initDriver
INFO: [ Configuration ] - Initializing driver configuration
May 11, 2022 6:02:33 PM steps.Hooks initDriver
INFO: ***********************************************************************************************************
1652302954046	geckodriver	INFO	Listening on 127.0.0.1:46964
1652302954637	mozrunner::runner	INFO	Running command: "C:\\Program Files\\Mozilla Firefox\\firefox.exe" "--marionette" "-headless" "-foreground" "-no-remote" "-profile" "C:\\Users\\YAILIN~1.VAL\\AppData\\Local\\Temp\\rust_mozprofilepFmu2g"
*** You are running in headless mode.
console.warn: SearchSettings: "get: No settings file exists, new profile?" (new Error("", "(unknown module)"))
1652302958554	Marionette	INFO	Listening on port 57469
1652302958892	Marionette	WARN	TLS certificate errors will be ignored for this session
May 11, 2022 6:02:38 PM org.openqa.selenium.remote.ProtocolHandshake createSession
INFO: Detected dialect: W3C
May 11, 2022 6:02:38 PM steps.Hooks initDriver
INFO: ***********************************************************************************************************
May 11, 2022 6:02:38 PM steps.Hooks initDriver
INFO: [ Scenario ] - Update an existing pet
May 11, 2022 6:02:38 PM steps.Hooks initDriver
INFO: ***********************************************************************************************************
May 11, 2022 6:02:39 PM pages.BasePage createDataTable
INFO:       | PetId | id |

May 11, 2022 6:02:39 PM pages.BasePage saveInScenarioContext
INFO: Update Scenario Context key: PetId with value: 9223372036854775807 
May 11, 2022 6:02:40 PM steps.Hooks embedScreenshot
INFO: ***********************************************************************************************************
May 11, 2022 6:02:40 PM steps.Hooks embedScreenshot
INFO: [ Driver Status ] - Clean and close the intance of the driver
May 11, 2022 6:02:40 PM steps.Hooks embedScreenshot
INFO: ***********************************************************************************************************
1652302960669	Marionette	INFO	Stopped listening on port 57469
console.error: Region.jsm: "Error fetching region" (new TypeError("NetworkError when attempting to fetch resource.", ""))
console.error: Region.jsm: "Failed to fetch region" (new Error("NO_RESULT", "resource://gre/modules/Region.jsm", 419))
]]></system-err>
  </testcase>
  <testcase name="runScenario[&quot;To add a laptop to the shopping cart&quot;, &quot;By Articles&quot;](4)" classname="runner.runner" time="25.555">
    <system-err><![CDATA[May 11, 2022 6:02:43 PM steps.Hooks initDriver
INFO: ***********************************************************************************************************
May 11, 2022 6:02:43 PM steps.Hooks initDriver
INFO: [ Configuration ] - Initializing driver configuration
May 11, 2022 6:02:43 PM steps.Hooks initDriver
INFO: ***********************************************************************************************************
1652302963704	geckodriver	INFO	Listening on 127.0.0.1:30767
1652302964276	mozrunner::runner	INFO	Running command: "C:\\Program Files\\Mozilla Firefox\\firefox.exe" "--marionette" "-headless" "-foreground" "-no-remote" "-profile" "C:\\Users\\YAILIN~1.VAL\\AppData\\Local\\Temp\\rust_mozprofile8KRcxO"
*** You are running in headless mode.
console.warn: SearchSettings: "get: No settings file exists, new profile?" (new Error("", "(unknown module)"))
1652302967626	Marionette	INFO	Listening on port 55660
1652302968141	Marionette	WARN	TLS certificate errors will be ignored for this session
May 11, 2022 6:02:48 PM org.openqa.selenium.remote.ProtocolHandshake createSession
INFO: Detected dialect: W3C
May 11, 2022 6:02:48 PM steps.Hooks initDriver
INFO: ***********************************************************************************************************
May 11, 2022 6:02:48 PM steps.Hooks initDriver
INFO: [ Scenario ] - To add a laptop to the shopping cart
May 11, 2022 6:02:48 PM steps.Hooks initDriver
INFO: ***********************************************************************************************************
console.error: Region.jsm: "Error fetching region" (new Error("TIMEOUT", "resource://gre/modules/Region.jsm", 772))
console.error: Region.jsm: "Failed to fetch region" (new Error("TIMEOUT", "resource://gre/modules/Region.jsm", 419))
May 11, 2022 6:03:05 PM steps.Hooks embedScreenshot
INFO: ***********************************************************************************************************
May 11, 2022 6:03:05 PM steps.Hooks embedScreenshot
INFO: [ Driver Status ] - Clean and close the intance of the driver
May 11, 2022 6:03:05 PM steps.Hooks embedScreenshot
INFO: ***********************************************************************************************************
1652302985094	Marionette	INFO	Stopped listening on port 55660
]]></system-err>
  </testcase>
  <testcase name="runScenario[&quot;Login Successful&quot;, &quot;Login y Logout&quot;](5)" classname="runner.runner" time="21.42">
    <system-err><![CDATA[May 11, 2022 6:03:09 PM steps.Hooks initDriver
INFO: ***********************************************************************************************************
May 11, 2022 6:03:09 PM steps.Hooks initDriver
INFO: [ Configuration ] - Initializing driver configuration
May 11, 2022 6:03:09 PM steps.Hooks initDriver
INFO: ***********************************************************************************************************
1652302989242	geckodriver	INFO	Listening on 127.0.0.1:30884
1652302989874	mozrunner::runner	INFO	Running command: "C:\\Program Files\\Mozilla Firefox\\firefox.exe" "--marionette" "-headless" "-foreground" "-no-remote" "-profile" "C:\\Users\\YAILIN~1.VAL\\AppData\\Local\\Temp\\rust_mozprofileRauctx"
*** You are running in headless mode.
console.warn: SearchSettings: "get: No settings file exists, new profile?" (new Error("", "(unknown module)"))
1652302994761	Marionette	INFO	Listening on port 57446
1652302995425	Marionette	WARN	TLS certificate errors will be ignored for this session
May 11, 2022 6:03:15 PM org.openqa.selenium.remote.ProtocolHandshake createSession
INFO: Detected dialect: W3C
May 11, 2022 6:03:15 PM steps.Hooks initDriver
INFO: ***********************************************************************************************************
May 11, 2022 6:03:15 PM steps.Hooks initDriver
INFO: [ Scenario ] - Login Successful
May 11, 2022 6:03:15 PM steps.Hooks initDriver
INFO: ***********************************************************************************************************
console.error: Region.jsm: "Error fetching region" (new Error("TIMEOUT", "resource://gre/modules/Region.jsm", 772))
console.error: Region.jsm: "Failed to fetch region" (new Error("TIMEOUT", "resource://gre/modules/Region.jsm", 419))
May 11, 2022 6:03:26 PM steps.Hooks embedScreenshot
INFO: ***********************************************************************************************************
May 11, 2022 6:03:26 PM steps.Hooks embedScreenshot
INFO: [ Driver Status ] - Clean and close the intance of the driver
May 11, 2022 6:03:26 PM steps.Hooks embedScreenshot
INFO: ***********************************************************************************************************
1652303006874	Marionette	INFO	Stopped listening on port 57446
]]></system-err>
  </testcase>
  <testcase name="runScenario[&quot;Register a user Successful&quot;, &quot;Register a user&quot;](6)" classname="runner.runner" time="16.858">
    <system-err><![CDATA[May 11, 2022 6:03:30 PM steps.Hooks initDriver
INFO: ***********************************************************************************************************
May 11, 2022 6:03:30 PM steps.Hooks initDriver
INFO: [ Configuration ] - Initializing driver configuration
May 11, 2022 6:03:30 PM steps.Hooks initDriver
INFO: ***********************************************************************************************************
1652303010674	geckodriver	INFO	Listening on 127.0.0.1:4451
1652303011327	mozrunner::runner	INFO	Running command: "C:\\Program Files\\Mozilla Firefox\\firefox.exe" "--marionette" "-headless" "-foreground" "-no-remote" "-profile" "C:\\Users\\YAILIN~1.VAL\\AppData\\Local\\Temp\\rust_mozprofilemYYWE7"
*** You are running in headless mode.
console.warn: SearchSettings: "get: No settings file exists, new profile?" (new Error("", "(unknown module)"))
1652303015544	Marionette	INFO	Listening on port 57502
1652303015915	Marionette	WARN	TLS certificate errors will be ignored for this session
May 11, 2022 6:03:35 PM org.openqa.selenium.remote.ProtocolHandshake createSession
INFO: Detected dialect: W3C
May 11, 2022 6:03:35 PM steps.Hooks initDriver
INFO: ***********************************************************************************************************
May 11, 2022 6:03:35 PM steps.Hooks initDriver
INFO: [ Scenario ] - Register a user Successful
May 11, 2022 6:03:35 PM steps.Hooks initDriver
INFO: ***********************************************************************************************************
console.error: Region.jsm: "Error fetching region" (new Error("TIMEOUT", "resource://gre/modules/Region.jsm", 772))
console.error: Region.jsm: "Failed to fetch region" (new Error("TIMEOUT", "resource://gre/modules/Region.jsm", 419))
May 11, 2022 6:03:43 PM steps.Hooks embedScreenshot
INFO: ***********************************************************************************************************
May 11, 2022 6:03:43 PM steps.Hooks embedScreenshot
INFO: [ Driver Status ] - Clean and close the intance of the driver
May 11, 2022 6:03:43 PM steps.Hooks embedScreenshot
INFO: ***********************************************************************************************************
1652303023107	Marionette	INFO	Stopped listening on port 57502
[Parent 52316, IPC I/O Parent] WARNING: file /builds/worker/checkouts/gecko/ipc/chromium/src/base/process_util_win.cc:167
]]></system-err>
  </testcase>
</testsuite>